total 58080
drwxr-xr-x 47 thanakin thanakin     4096 out 24 07:38 .
drwxr-xr-x  3 root     root         4096 set 10 12:16 ..
-rw-rw-r--  1 thanakin thanakin   604199 set 23 15:05 0a73952c063ff3285745a3c049e72473.jpg
-rw-rw-r--  1 thanakin thanakin    24088 ago 17 22:35 11755647_918091481596680_5636167833131238558_n.jpg
-rw-rw-r--  1 thanakin thanakin    25217 ago  4 23:39 11781742_877382269008446_704313326544505438_n.jpg
-rw-rw-r--  1 thanakin thanakin    94283 set  8 10:18 2037548_028f.jpg
-rw-rw-r--  1 thanakin thanakin    64925 jul 15 22:10 215242518_1749287028591161_3126949027342423217_n.jpg
-rw-rw-r--  1 thanakin thanakin   128155 jul 15 22:16 217732709_10165600840875154_50805572777634248_n.jpg
-rw-rw-r--  1 thanakin thanakin   169814 jul 30 07:14 218352174_2893443094305248_4395509991325811696_n.png
-rw-rw-r--  1 thanakin thanakin    44964 jul 29 07:50 223172624_4614425685269386_4846842183593980089_n.jpg
-rw-rw-r--  1 thanakin thanakin    65311 jul 29 07:49 225361530_4981534221863922_5236126832852704206_n.jpg
-rw-rw-r--  1 thanakin thanakin    37376 jul 29 07:44 226042506_5019703854722931_5112493891422313401_n.jpg
-rw-rw-r--  1 thanakin thanakin    43267 ago  4 23:11 228112530_5040819179278065_7427732181622325007_n.jpg
-rw-rw-r--  1 thanakin thanakin   151501 ago  4 23:25 232245646_4561315553879176_8554715122464951398_n.jpg
-rw-rw-r--  1 thanakin thanakin   131369 set  5 12:56 240907614_4555895847794029_4931748686357193984_n.jpg
-rw-rw-r--  1 thanakin thanakin    43659 set  1 12:01 40516082_358679988085754_9002553148098740224_n.jpg
-rw-rw-r--  1 thanakin thanakin  1687005 jul 18 21:08 6273300_2.jpg
-rw-rw-r--  1 thanakin thanakin  2004897 jul 18 21:07 6273317_2.jpg
drwxr-xr-x  3 thanakin thanakin     4096 jul  9 21:37 .anydesk
drwxrwxr-x  3 thanakin thanakin     4096 jul 24 12:29 artwork-master-logo
drwxrwxr-x  9 thanakin thanakin     4096 ago  4 21:53 .atom
-rw-------  1 thanakin thanakin    11868 out 24 08:22 .bash_history
-rw-r--r--  1 thanakin thanakin      220 jul  7 08:54 .bash_logout
-rw-r--r--  1 thanakin thanakin     4178 jul  8 20:10 .bashrc
drwxrwxr-x  3 thanakin thanakin     4096 jul 21 15:51 BrEx
drwxr-xr-x 41 thanakin thanakin     4096 out  3 14:14 .cache
-rw-rw-r--  1 thanakin thanakin    13254 set  8 07:30 CARAVANs.ods
-rw-rw-r--  1 thanakin thanakin      916 set  8 17:28 cnpj.js
-rw-rw-r--  1 thanakin thanakin   233471 set 25 07:10 Comboio Furacão 26-09 rev-convertido.pdf
drwx------ 62 thanakin thanakin     4096 out 25 06:31 .config
-rw-rw-r--  1 thanakin thanakin    75950 ago  9 11:53 dani30.png
drwxr-xr-x  6 thanakin thanakin     4096 out 24 11:52 Desktop
drwxr-xr-x  5 thanakin thanakin     4096 jul  7 22:08 .dia
drwxr-xr-x 20 thanakin thanakin     4096 out 24 05:41 Documents
drwxr-xr-x 10 thanakin thanakin    12288 out 24 17:51 Downloads
drwx------  8 thanakin thanakin     4096 out 25 06:31 .dropbox
drwx------ 18 thanakin thanakin     4096 out 25 06:31 Dropbox
drwxrwxr-x  3 thanakin thanakin     4096 out  9 15:03 .dropbox-dist
-rw-rw-r--  1 thanakin thanakin    10928 set  2 21:43 E-T-aTnVcCU6YoS.jpeg
-rw-rw-r--  1 thanakin thanakin     9083 set  2 21:43 E-T-atWVcAInKRT.jpeg
-rw-rw-r--  1 thanakin thanakin    10882 out  4 13:05 FA3fx2EWUAIkF9g.jpeg
-rw-rw-r--  1 thanakin thanakin  2036582 jul 27 09:49 FAA_O'Hare_Diagram.svg
-rw-rw-r--  1 thanakin thanakin   121868 out  5 17:51 frente.jpg
drwx------  2 thanakin thanakin     4096 jul  8 14:13 .gconf
drwxrwxrwx  3 thanakin thanakin     4096 set 27 08:52 .getscreen.me
-rw-rw-r--  1 thanakin thanakin       57 jul 12 23:40 .gitconfig
drwx------  3 thanakin thanakin     4096 out 25 06:43 .gnupg
drwx------  4 thanakin thanakin     4096 ago  8 14:12 .googleearth
-rw-rw-r--  1 thanakin thanakin    53944 set  7 08:55 hino-nacional-brasileiro-36-728.webp
-rw-rw-r--  1 thanakin thanakin   319424 jul 19 16:25 lista.txt
drwxr-xr-x  4 thanakin thanakin     4096 jul 17 12:04 .local
drwxrwxr-x  2 thanakin thanakin     4096 ago 14 05:54 Lu_Files
-rw-rw-r--  1 thanakin thanakin 46911297 jul 27 09:40 Meigs_field_USGS_2002.jpg
drwx------  6 thanakin thanakin     4096 jul  7 10:20 .mozilla
drwxr-xr-x  2 thanakin thanakin     4096 ago 12 14:26 Music
-rw-------  1 thanakin thanakin      192 set  3 21:10 .netrc
drwxrwxr-x  6 thanakin thanakin     4096 set 19 06:44 .npm
drwxrwxr-x  8 thanakin thanakin     4096 jul  7 22:24 .nvm
-rw-rw-r--  1 thanakin thanakin  1634031 jul 27 09:49 O'Hare_International_Airport_(USGS).png
-rw-r--r--  1 thanakin thanakin      357 ago 12 14:25 .pam_environment
drwxr-xr-x  3 thanakin thanakin     4096 set 10 11:09 pendrive-outros
-rw-rw-r--  1 thanakin thanakin   155692 jul 26 08:58 photo_2021-07-26_08-57-38.jpg
-rw-rw-r--  1 thanakin thanakin   153178 jul 26 08:58 photo_2021-07-26_08-57-39.jpg
drwxr-xr-x  4 thanakin thanakin    12288 out 18 16:27 Pictures
drwx------  3 thanakin thanakin     4096 jul  7 10:11 .pki
-rw-r--r--  1 thanakin thanakin      807 jul  7 08:54 .profile
-rw-rw-r--  1 thanakin thanakin   177062 ago 18 07:53 Prog_Evento.pdf
drwxr-xr-x  2 thanakin thanakin     4096 ago 12 14:26 Public
drwx------  2 thanakin thanakin     4096 ago  4 13:21 .putty
-rw-------  1 thanakin thanakin        7 jul  7 21:34 .python_history
drwxrwxr-x  9 thanakin thanakin     4096 set 10 12:35 samsung-ultrasis
drwxrwxr-x 11 thanakin thanakin     4096 jul  8 20:10 .sdkman
-rw-rw-r--  1 thanakin thanakin       66 jul 19 14:34 .selected_editor
drwx------ 20 thanakin thanakin     4096 out 20 09:12 snap
-rw-------  1 thanakin thanakin       64 set 26 12:10 .sqlite_history
drwx------  2 thanakin thanakin     4096 jul 30 17:11 .ssh
-rw-rw-r--  1 thanakin thanakin     2693 set 22 15:25 SSLN-SSMF-SDYW-SDFI-SDPW-SDXE.pln
-rw-r--r--  1 thanakin thanakin        0 jul  7 10:15 .sudo_as_admin_successful
drwxr-xr-x  2 thanakin thanakin     4096 ago 12 14:26 Templates
-rw-rw-r--  1 thanakin thanakin       17 out 24 07:38 teste_func
-rw-rw-r--  1 thanakin thanakin  1442674 set  8 11:46 thanakin_vue.xcf
drwxrwxr-x  5 thanakin thanakin     4096 jul  7 12:23 .themes
drwx------  6 thanakin thanakin     4096 ago 17 21:09 .thunderbird
-rw-rw-r--  1 thanakin thanakin    39167 set  7 09:01 unnamed.jpg
-rw-rw-r--  1 thanakin thanakin   148692 out  5 17:51 verso.jpg
drwxr-xr-x  3 thanakin thanakin     4096 ago 11 15:33 Videos
drwxrwxr-x  3 thanakin thanakin     4096 out 24 05:20 VirtualBox VMs
drwxrwxr-x  2 thanakin thanakin     4096 set 17 11:45 v-mudanca
drwxrwxr-x  3 thanakin thanakin     4096 jul  7 21:16 .vscode
drwxrwxr-x  3 thanakin thanakin     4096 jul  7 21:17 .vscode-oss
drwxrwxr-x  3 thanakin thanakin     4096 set 11 14:42 .vue-cli-ui
-rw-rw-r--  1 thanakin thanakin       60 set 11 14:30 .vuerc
drwxrwxr-x  3 thanakin thanakin     4096 out  3 09:16 .wakatime
-rw-------  1 thanakin thanakin    65536 out 25 07:58 .wakatime.bdb
-rw-rw-r--  1 thanakin thanakin      150 set 26 07:54 .wakatime.cfg
-rw-r--r--  1 thanakin thanakin    49152 out 22 07:47 .wakatime.db
-rw-rw-r--  1 thanakin thanakin       91 out  3 09:17 .wakatime-internal.cfg
-rw-rw-r--  1 thanakin thanakin    12528 out 25 07:58 .wakatime.log
-rw-rw-r--  1 thanakin thanakin     3900 ago 18 22:04 whatsapp.html
-rw-rw-r--  1 thanakin thanakin   136980 ago 18 13:17 WhatsApp Image 2021-08-18 at 13.03.10.jpeg
drwx------  2 thanakin thanakin     4096 ago 13 18:42 .xournal
drwxrwxr-x  3 thanakin thanakin     4096 set 11 14:19 .yarn
-rw-rw-r--  1 thanakin thanakin      116 set 18 16:25 .yarnrc
drwx------  8 thanakin thanakin     4096 out 23 10:10 .zoom
-rw-rw-r--  1 thanakin thanakin      210 jul  8 20:10 .zshrc
